-------------------------------------------------------------------------------
Test set: integationTests.IntegrationTests
-------------------------------------------------------------------------------
Tests run: 1, Failures: 0, Errors: 1, Skipped: 0, Time elapsed: 0.185 s <<< FAILURE! - in integationTests.IntegrationTests
initializationError(integationTests.IntegrationTests)  Time elapsed: 0 s  <<< ERROR!
java.lang.Exception: No runnable methods

